<?xml version="1.0" encoding="UTF-8"?>
<testng-results skipped="0" failed="0" ignored="0" total="2" passed="2">
  <reporter-output>
  </reporter-output>
  <suite name="Default suite" duration-ms="21099" started-at="2021-07-01T15:12:35 IST" finished-at="2021-07-01T15:12:56 IST">
    <groups>
    </groups>
    <test name="Default test" duration-ms="21099" started-at="2021-07-01T15:12:35 IST" finished-at="2021-07-01T15:12:56 IST">
      <class name="Selenium.LaunchChrome">
        <test-method status="PASS" signature="BeforeTest()[pri:0, instance:Selenium.LaunchChrome@6f195bc3]" name="BeforeTest" is-config="true" duration-ms="3140" started-at="2021-07-01T15:12:35 IST" finished-at="2021-07-01T15:12:38 IST">
          <reporter-output>
          </reporter-output>
        </test-method> <!-- BeforeTest -->
        <test-method status="PASS" signature="LaunchBrowser()[pri:0, instance:Selenium.LaunchChrome@6f195bc3]" name="LaunchBrowser" is-config="true" duration-ms="1" started-at="2021-07-01T15:12:38 IST" finished-at="2021-07-01T15:12:38 IST">
          <reporter-output>
          </reporter-output>
        </test-method> <!-- LaunchBrowser -->
        <test-method status="PASS" signature="TestAssert()[pri:0, instance:Selenium.LaunchChrome@6f195bc3]" name="TestAssert" duration-ms="11991" started-at="2021-07-01T15:12:38 IST" finished-at="2021-07-01T15:12:50 IST">
          <reporter-output>
          </reporter-output>
        </test-method> <!-- TestAssert -->
        <test-method status="PASS" signature="TestAssert2()[pri:0, instance:Selenium.LaunchChrome@6f195bc3]" name="TestAssert2" duration-ms="5876" started-at="2021-07-01T15:12:50 IST" finished-at="2021-07-01T15:12:56 IST">
          <reporter-output>
          </reporter-output>
        </test-method> <!-- TestAssert2 -->
        <test-method status="PASS" signature="AfterGoogle()[pri:0, instance:Selenium.LaunchChrome@6f195bc3]" name="AfterGoogle" is-config="true" duration-ms="1" started-at="2021-07-01T15:12:56 IST" finished-at="2021-07-01T15:12:56 IST">
          <reporter-output>
          </reporter-output>
        </test-method> <!-- AfterGoogle -->
        <test-method status="PASS" signature="CloseBrowser()[pri:0, instance:Selenium.LaunchChrome@6f195bc3]" name="CloseBrowser" is-config="true" duration-ms="0" started-at="2021-07-01T15:12:56 IST" finished-at="2021-07-01T15:12:56 IST">
          <reporter-output>
          </reporter-output>
        </test-method> <!-- CloseBrowser -->
      </class> <!-- Selenium.LaunchChrome -->
    </test> <!-- Default test -->
  </suite> <!-- Default suite -->
</testng-results>
